# JRE version: Java(TM) SE Runtime Environment (8.0_191-b12) (build 1.8.0_191-b12)
# Java VM: Java HotSpot(TM) 64-Bit Server VM (25.191-b12 mixed mode bsd-amd64 compressed oops)
Heap:
 PSYoungGen      total 150528K, used 126359K [0x00000007b5580000, 0x00000007bfb80000, 0x00000007c0000000)
  eden space 133120K, 87% used [0x00000007b5580000,0x00000007bc7caac0,0x00000007bd780000)
  from space 17408K, 53% used [0x00000007bea80000,0x00000007bf39b200,0x00000007bfb80000)
  to   space 18432K, 0% used [0x00000007bd780000,0x00000007bd780000,0x00000007be980000)
 ParOldGen       total 87552K, used 25686K [0x00000007a0000000, 0x00000007a5580000, 0x00000007b5580000)
  object space 87552K, 29% used [0x00000007a0000000,0x00000007a1915b40,0x00000007a5580000)
 Metaspace       used 9764K, capacity 9938K, committed 9984K, reserved 1058816K
  class space    used 1182K, capacity 1243K, committed 1280K, reserved 1048576K
GC Heap History (10 events):
Event: 28.203 GC heap before
{Heap before GC invocations=2 (full 0):
 PSYoungGen      total 38400K, used 38384K [0x00000007b5580000, 0x00000007b8000000, 0x00000007c0000000)
  eden space 33280K, 100% used [0x00000007b5580000,0x00000007b7600000,0x00000007b7600000)
  from space 5120K, 99% used [0x00000007b7600000,0x00000007b7afc010,0x00000007b7b00000)
  to   space 5120K, 0% used [0x00000007b7b00000,0x00000007b7b00000,0x00000007b8000000)
 ParOldGen       total 87552K, used 4185K [0x00000007a0000000, 0x00000007a5580000, 0x00000007b5580000)
  object space 87552K, 4% used [0x00000007a0000000,0x00000007a0416550,0x00000007a5580000)
 Metaspace       used 8574K, capacity 9202K, committed 9344K, reserved 1056768K
  class space    used 1045K, capacity 1083K, committed 1152K, reserved 1048576K
Event: 28.220 GC heap after
Heap after GC invocations=2 (full 0):
 PSYoungGen      total 38400K, used 5104K [0x00000007b5580000, 0x00000007b8000000, 0x00000007c0000000)
  eden space 33280K, 0% used [0x00000007b5580000,0x00000007b5580000,0x00000007b7600000)
  from space 5120K, 99% used [0x00000007b7b00000,0x00000007b7ffc010,0x00000007b8000000)
  to   space 5120K, 0% used [0x00000007b7600000,0x00000007b7600000,0x00000007b7b00000)
 ParOldGen       total 87552K, used 16726K [0x00000007a0000000, 0x00000007a5580000, 0x00000007b5580000)
  object space 87552K, 19% used [0x00000007a0000000,0x00000007a1055b00,0x00000007a5580000)
 Metaspace       used 8574K, capacity 9202K, committed 9344K, reserved 1056768K
  class space    used 1045K, capacity 1083K, committed 1152K, reserved 1048576K
}
Event: 28.388 GC heap before
{Heap before GC invocations=3 (full 0):
 PSYoungGen      total 38400K, used 38377K [0x00000007b5580000, 0x00000007b8000000, 0x00000007c0000000)
  eden space 33280K, 99% used [0x00000007b5580000,0x00000007b75fe488,0x00000007b7600000)
  from space 5120K, 99% used [0x00000007b7b00000,0x00000007b7ffc010,0x00000007b8000000)
  to   space 5120K, 0% used [0x00000007b7600000,0x00000007b7600000,0x00000007b7b00000)
 ParOldGen       total 87552K, used 16726K [0x00000007a0000000, 0x00000007a5580000, 0x00000007b5580000)
  object space 87552K, 19% used [0x00000007a0000000,0x00000007a1055b00,0x00000007a5580000)
 Metaspace       used 8593K, capacity 9202K, committed 9344K, reserved 1056768K
  class space    used 1045K, capacity 1083K, committed 1152K, reserved 1048576K
Event: 28.397 GC heap after
Heap after GC invocations=3 (full 0):
 PSYoungGen      total 38400K, used 5104K [0x00000007b5580000, 0x00000007ba080000, 0x00000007c0000000)
  eden space 33280K, 0% used [0x00000007b5580000,0x00000007b5580000,0x00000007b7600000)
  from space 5120K, 99% used [0x00000007b7600000,0x00000007b7afc010,0x00000007b7b00000)
  to   space 5120K, 0% used [0x00000007b9b80000,0x00000007b9b80000,0x00000007ba080000)
 ParOldGen       total 87552K, used 17758K [0x00000007a0000000, 0x00000007a5580000, 0x00000007b5580000)
  object space 87552K, 20% used [0x00000007a0000000,0x00000007a1157b10,0x00000007a5580000)
 Metaspace       used 8593K, capacity 9202K, committed 9344K, reserved 1056768K
  class space    used 1045K, capacity 1083K, committed 1152K, reserved 1048576K
}
Event: 28.579 GC heap before
{Heap before GC invocations=4 (full 0):
 PSYoungGen      total 38400K, used 38384K [0x00000007b5580000, 0x00000007ba080000, 0x00000007c0000000)
  eden space 33280K, 100% used [0x00000007b5580000,0x00000007b7600000,0x00000007b7600000)
  from space 5120K, 99% used [0x00000007b7600000,0x00000007b7afc010,0x00000007b7b00000)
  to   space 5120K, 0% used [0x00000007b9b80000,0x00000007b9b80000,0x00000007ba080000)
 ParOldGen       total 87552K, used 17758K [0x00000007a0000000, 0x00000007a5580000, 0x00000007b5580000)
  object space 87552K, 20% used [0x00000007a0000000,0x00000007a1157b10,0x00000007a5580000)
 Metaspace       used 8593K, capacity 9202K, committed 9344K, reserved 1056768K
  class space    used 1045K, capacity 1083K, committed 1152K, reserved 1048576K
Event: 28.589 GC heap after
Heap after GC invocations=4 (full 0):
 PSYoungGen      total 71680K, used 5120K [0x00000007b5580000, 0x00000007ba080000, 0x00000007c0000000)
  eden space 66560K, 0% used [0x00000007b5580000,0x00000007b5580000,0x00000007b9680000)
  from space 5120K, 100% used [0x00000007b9b80000,0x00000007ba080000,0x00000007ba080000)
  to   space 5120K, 0% used [0x00000007b9680000,0x00000007b9680000,0x00000007b9b80000)
 ParOldGen       total 87552K, used 18518K [0x00000007a0000000, 0x00000007a5580000, 0x00000007b5580000)
  object space 87552K, 21% used [0x00000007a0000000,0x00000007a1215b30,0x00000007a5580000)
 Metaspace       used 8593K, capacity 9202K, committed 9344K, reserved 1056768K
  class space    used 1045K, capacity 1083K, committed 1152K, reserved 1048576K
}
Event: 29.457 GC heap before
{Heap before GC invocations=5 (full 0):
 PSYoungGen      total 71680K, used 71680K [0x00000007b5580000, 0x00000007ba080000, 0x00000007c0000000)
  eden space 66560K, 100% used [0x00000007b5580000,0x00000007b9680000,0x00000007b9680000)
  from space 5120K, 100% used [0x00000007b9b80000,0x00000007ba080000,0x00000007ba080000)
  to   space 5120K, 0% used [0x00000007b9680000,0x00000007b9680000,0x00000007b9b80000)
 ParOldGen       total 87552K, used 18518K [0x00000007a0000000, 0x00000007a5580000, 0x00000007b5580000)
  object space 87552K, 21% used [0x00000007a0000000,0x00000007a1215b30,0x00000007a5580000)
 Metaspace       used 8678K, capacity 9234K, committed 9344K, reserved 1056768K
  class space    used 1053K, capacity 1115K, committed 1152K, reserved 1048576K
Event: 29.473 GC heap after
Heap after GC invocations=5 (full 0):
 PSYoungGen      total 71680K, used 5120K [0x00000007b5580000, 0x00000007bfd80000, 0x00000007c0000000)
  eden space 66560K, 0% used [0x00000007b5580000,0x00000007b5580000,0x00000007b9680000)
  from space 5120K, 100% used [0x00000007b9680000,0x00000007b9b80000,0x00000007b9b80000)
  to   space 19456K, 0% used [0x00000007bea80000,0x00000007bea80000,0x00000007bfd80000)
 ParOldGen       total 87552K, used 25686K [0x00000007a0000000, 0x00000007a5580000, 0x00000007b5580000)
  object space 87552K, 29% used [0x00000007a0000000,0x00000007a1915b40,0x00000007a5580000)
 Metaspace       used 8678K, capacity 9234K, committed 9344K, reserved 1056768K
  class space    used 1053K, capacity 1115K, committed 1152K, reserved 1048576K
}
Event: 30.128 GC heap before
{Heap before GC invocations=6 (full 0):
 PSYoungGen      total 71680K, used 71680K [0x00000007b5580000, 0x00000007bfd80000, 0x00000007c0000000)
  eden space 66560K, 100% used [0x00000007b5580000,0x00000007b9680000,0x00000007b9680000)
  from space 5120K, 100% used [0x00000007b9680000,0x00000007b9b80000,0x00000007b9b80000)
  to   space 19456K, 0% used [0x00000007bea80000,0x00000007bea80000,0x00000007bfd80000)
 ParOldGen       total 87552K, used 25686K [0x00000007a0000000, 0x00000007a5580000, 0x00000007b5580000)
  object space 87552K, 29% used [0x00000007a0000000,0x00000007a1915b40,0x00000007a5580000)
 Metaspace       used 8906K, capacity 9458K, committed 9600K, reserved 1058816K
  class space    used 1091K, capacity 1147K, committed 1152K, reserved 1048576K
Event: 30.142 GC heap after
Heap after GC invocations=6 (full 0):
 PSYoungGen      total 150528K, used 9324K [0x00000007b5580000, 0x00000007bfb80000, 0x00000007c0000000)
  eden space 133120K, 0% used [0x00000007b5580000,0x00000007b5580000,0x00000007bd780000)
  from space 17408K, 53% used [0x00000007bea80000,0x00000007bf39b200,0x00000007bfb80000)
  to   space 18432K, 0% used [0x00000007bd780000,0x00000007bd780000,0x00000007be980000)
 ParOldGen       total 87552K, used 25686K [0x00000007a0000000, 0x00000007a5580000, 0x00000007b5580000)
  object space 87552K, 29% used [0x00000007a0000000,0x00000007a1915b40,0x00000007a5580000)
 Metaspace       used 8906K, capacity 9458K, committed 9600K, reserved 1058816K
  class space    used 1091K, capacity 1147K, committed 1152K, reserved 1048576K
}

